PLINK v1.9.0-b.7.7 64-bit (22 Oct 2024)
Options in effect:
  --assoc
  --bfile toy
  --out toy

Hostname: DESKTOP-EE8TOSE
Working directory: /home/muk/mini_gwas
Start time: Thu Jun  4 16:21:35 2026

Random number seed: 1780564895
2836 MB RAM detected; reserving 1418 MB for main workspace.
3 variants loaded from .bim file.
3 people (2 males, 1 female) loaded from .fam.
3 phenotype values loaded from .fam.
Using 1 thread (no multithreaded calculations invoked).
Before main variant filters, 3 founders and 0 nonfounders present.
Calculating allele frequencies... done.
Total genotyping rate is exactly 1.
3 variants and 3 people pass filters and QC.
Among remaining phenotypes, 1 is a case and 2 are controls.
Writing C/C --assoc report to toy.assoc ... done.

End time: Thu Jun  4 16:21:35 2026
